<?xml version="1.0" encoding="UTF-8"?>
<!-- Generated by org.testng.reporters.JUnitXMLReporter -->
<testsuite ignored="0" hostname="LAPTOP-A4L8FQHQ" failures="0" tests="3" name="Default test" time="34.641" errors="0" timestamp="2023-05-09T11:56:53 IST">
  <testcase classname="com.testcases.TestCaseTC001" name="logintest" time="2.823"/>
  <testcase classname="com.testcases.TestCaseTC001" name="addtocart" time="5.728"/>
  <testcase classname="com.testcases.TestCaseTC001" name="bagpage" time="4.171"/>
</testsuite> <!-- Default test -->
