<?xml version="1.0" encoding="UTF-8"?>
<!-- Generated by org.testng.reporters.JUnitXMLReporter -->
<testsuite ignored="0" hostname="LAPTOP-A4L8FQHQ" failures="0" tests="3" name="testcase01" time="0.065" errors="0" timestamp="2023-05-08T11:35:30 IST">
  <testcase classname="com.pageobjects.Baseclass" name="@BeforeClass setup" time="-1.683525930198E9">
    <failure type="org.testng.TestNGException" message="
Can inject only one of &amp;lt;ITestContext, XmlTest&amp;gt; into a @BeforeClass annotated setup.
For more information on native dependency injection please refer to https://testng.org/doc/documentation-main.html#native-dependency-injection">
      <![CDATA[org.testng.TestNGException: 
Can inject only one of <ITestContext, XmlTest> into a @BeforeClass annotated setup.
For more information on native dependency injection please refer to https://testng.org/doc/documentation-main.html#native-dependency-injection
at java.base/java.util.ArrayList.forEach(ArrayList.java:1511)
... Removed 22 stack frames]]>
    </failure>
  </testcase> <!-- @BeforeClass setup -->
  <testcase classname="com.pageobjects.Baseclass" name="@AfterClass teardown" time="0.0">
    <skipped/>
  </testcase> <!-- @AfterClass teardown -->
  <testcase classname="com.testcases.TestCaseTC001" name="logintest" time="0.0">
    <skipped/>
  </testcase> <!-- logintest -->
  <testcase classname="com.testcases.TestCaseTC001" name="addtocart" time="0.0">
    <skipped/>
  </testcase> <!-- addtocart -->
  <testcase classname="com.testcases.TestCaseTC001" name="bagpage" time="0.0">
    <skipped/>
  </testcase> <!-- bagpage -->
</testsuite> <!-- testcase01 -->
